app/build/intermediates/manifest_merge_blame_file/debug/manifest-merger-blame-debug-report.txt
1<?xml version="1.0" encoding="utf-8"?>
2<manifest xmlns:android="http://schemas.android.com/apk/res/android"
3    package="com.nas.cruzer_pro"
4    android:versionCode="1"
5    android:versionName="1.0" >
6
7    <uses-sdk
7-->src\main\AndroidManifest.xml:7:5-47
8        android:minSdkVersion="17"
8-->src\main\AndroidManifest.xml:7:5-47
9        android:targetSdkVersion="29" />
9-->src\main\AndroidManifest.xml:7:15-44
10
11    <uses-permission android:name="android.permission.ACCESS_NETWORK_STATE" />
11-->src\main\AndroidManifest.xml:11:5-79
11-->src\main\AndroidManifest.xml:11:22-76
12    <uses-permission android:name="android.permission.INTERNET" />
12-->src\main\AndroidManifest.xml:12:5-67
12-->src\main\AndroidManifest.xml:12:22-64
13    <uses-permission android:name="com.google.android.providers.gsf.permission.READ_GSERVICES" />
13-->src\main\AndroidManifest.xml:13:5-98
13-->src\main\AndroidManifest.xml:13:22-95
14    <uses-permission android:name="android.permission.WRITE_EXTERNAL_STORAGE" />
14-->src\main\AndroidManifest.xml:14:5-81
14-->src\main\AndroidManifest.xml:14:22-78
15
16    <!-- Required to show current location -->
17    <uses-permission android:name="android.permission.ACCESS_COARSE_LOCATION" />
17-->src\main\AndroidManifest.xml:17:5-81
17-->src\main\AndroidManifest.xml:17:22-78
18    <uses-permission android:name="android.permission.ACCESS_FINE_LOCATION" />
18-->src\main\AndroidManifest.xml:18:5-79
18-->src\main\AndroidManifest.xml:18:22-76
19
20    <!-- Required OpenGL ES 2.0. for Maps V2 -->
21    <uses-feature
21-->src\main\AndroidManifest.xml:21:5-23:35
22        android:glEsVersion="0x00020000"
22-->src\main\AndroidManifest.xml:22:9-41
23        android:required="true" />
23-->src\main\AndroidManifest.xml:23:9-32
24
25    <application
25-->src\main\AndroidManifest.xml:25:5-54:19
26        android:allowBackup="true"
26-->src\main\AndroidManifest.xml:26:9-35
27        android:appComponentFactory="android.support.v4.app.CoreComponentFactory"
27-->[com.android.support:support-compat:28.0.0] AndroidManifest.xml:22:18-91
28        android:debuggable="true"
29        android:icon="@drawable/logo_w"
29-->src\main\AndroidManifest.xml:27:9-40
30        android:label="@string/app_name"
30-->src\main\AndroidManifest.xml:28:9-41
31        android:testOnly="true"
32        android:theme="@style/AppTheme" >
32-->src\main\AndroidManifest.xml:29:9-40
33        <activity
33-->src\main\AndroidManifest.xml:30:9-36:20
34            android:name="com.nas.cruzer.LoginActivity"
34-->src\main\AndroidManifest.xml:30:19-48
35            android:screenOrientation="portrait" >
35-->src\main\AndroidManifest.xml:30:49-85
36            <intent-filter>
36-->src\main\AndroidManifest.xml:31:13-35:29
37                <action android:name="android.intent.action.MAIN" />
37-->src\main\AndroidManifest.xml:32:17-69
37-->src\main\AndroidManifest.xml:32:25-66
38
39                <category android:name="android.intent.category.LAUNCHER" />
39-->src\main\AndroidManifest.xml:34:17-77
39-->src\main\AndroidManifest.xml:34:27-74
40            </intent-filter>
41        </activity>
42        <activity
42-->src\main\AndroidManifest.xml:38:9-123
43            android:name="com.nas.cruzer.DriverPositionActivity"
43-->src\main\AndroidManifest.xml:38:19-71
44            android:windowSoftInputMode="adjustPan" />
44-->src\main\AndroidManifest.xml:38:72-111
45        <activity
45-->src\main\AndroidManifest.xml:39:9-104
46            android:name="com.nas.cruzer.DriverActivity"
46-->src\main\AndroidManifest.xml:39:19-63
47            android:label="All Requests" />
47-->src\main\AndroidManifest.xml:39:64-92
48        <activity
48-->src\main\AndroidManifest.xml:40:9-111
49            android:name="com.nas.cruzer.RequestedUserActivity"
49-->src\main\AndroidManifest.xml:40:19-70
50            android:label="New Request!" />
50-->src\main\AndroidManifest.xml:40:71-99
51        <activity
51-->src\main\AndroidManifest.xml:41:9-97
52            android:name="com.nas.cruzer.UserRequestActivity"
52-->src\main\AndroidManifest.xml:41:19-68
53            android:label="" />
53-->src\main\AndroidManifest.xml:41:69-85
54        <activity android:name="com.nas.cruzer.UserRequestDetailsActivity" />
54-->src\main\AndroidManifest.xml:42:9-87
54-->src\main\AndroidManifest.xml:42:19-75
55        <activity
55-->src\main\AndroidManifest.xml:43:10-112
56            android:name="com.nas.cruzer.UserEditProfileActivity"
56-->src\main\AndroidManifest.xml:43:20-73
57            android:label="My Profile" />
57-->src\main\AndroidManifest.xml:43:74-100
58        <activity android:name="com.nas.cruzer.DriverTrackActivity" />
58-->src\main\AndroidManifest.xml:44:10-81
58-->src\main\AndroidManifest.xml:44:20-69
59
60        <receiver android:name="com.nas.cruzer.UpdateReceiver" />
60-->src\main\AndroidManifest.xml:45:9-75
60-->src\main\AndroidManifest.xml:45:19-63
61
62        <meta-data
62-->src\main\AndroidManifest.xml:47:9-49:71
63            android:name="com.google.android.maps.v2.API_KEY"
63-->src\main\AndroidManifest.xml:48:13-62
64            android:value="AIzaSyD1IaX4kSk5-iTChJlpPd_7VUJTeW-_Lio" />
64-->src\main\AndroidManifest.xml:49:13-68
65        <meta-data
65-->src\main\AndroidManifest.xml:51:9-53:69
66            android:name="com.google.android.gms.version"
66-->src\main\AndroidManifest.xml:52:13-58
67            android:value="@integer/google_play_services_version" />
67-->src\main\AndroidManifest.xml:53:13-66
68    </application>
69
70</manifest>